<?xml version="1.0" encoding="UTF-8"?>
<!-- Generated by org.testng.reporters.JUnitReportReporter -->
<testsuite hostname="DESKTOP-6SBLJHF" failures="0" tests="1" name="tests.testsSomething.TestAddingPaymentCard" time="4.446" errors="0" timestamp="2022-08-08T12:45:17 EEST" skipped="0">
  <testcase classname="tests.testsSomething.TestAddingPaymentCard" name="testAddingPaymentCard" time="4.446"/>
  <system-out/>
</testsuite> <!-- tests.testsSomething.TestAddingPaymentCard -->
