<?xml version="1.0" encoding="UTF-8"?>
<!-- Generated by org.testng.reporters.JUnitReportReporter -->
<testsuite hostname="DESKTOP-6SBLJHF" failures="0" tests="3" name="tests.testsSomething.TestSocialNetworksSection" time="7.295" errors="0" timestamp="2022-08-08T12:45:17 EEST" skipped="0">
  <testcase classname="tests.testsSomething.TestSocialNetworksSection" name="socialNetworkSection" time="2.275"/>
  <system-out/>
  <testcase classname="tests.testsSomething.TestSocialNetworksSection" name="socialNetworkSection" time="2.413"/>
  <system-out/>
  <testcase classname="tests.testsSomething.TestSocialNetworksSection" name="socialNetworkSection" time="2.607"/>
  <system-out/>
</testsuite> <!-- tests.testsSomething.TestSocialNetworksSection -->
