<?xml version="1.0" encoding="UTF-8"?>
<!-- Generated by org.testng.reporters.JUnitReportReporter -->
<testsuite hostname="DESKTOP-6SBLJHF" failures="0" tests="1" name="tests.testsSomething.TestOrderPriceOnGlovo" time="1.517" errors="0" timestamp="2022-08-08T12:45:17 EEST" skipped="0">
  <testcase classname="tests.testsSomething.TestOrderPriceOnGlovo" name="testOrderPrice" time="1.517"/>
  <system-out/>
</testsuite> <!-- tests.testsSomething.TestOrderPriceOnGlovo -->
